  CppWriteLog.cpp
D:\C_Sharp_Project\SpVision\CppWriteLog\CppWriteLog\CppWriteLog.cpp(58,22): warning C4566: character represented by universal-character-name '\u0E40' cannot be represented in the current code page (1252)
D:\C_Sharp_Project\SpVision\CppWriteLog\CppWriteLog\CppWriteLog.cpp(58,22): warning C4566: character represented by universal-character-name '\u0E1E' cannot be represented in the current code page (1252)
D:\C_Sharp_Project\SpVision\CppWriteLog\CppWriteLog\CppWriteLog.cpp(58,22): warning C4566: character represented by universal-character-name '\u0E34' cannot be represented in the current code page (1252)
D:\C_Sharp_Project\SpVision\CppWriteLog\CppWriteLog\CppWriteLog.cpp(58,22): warning C4566: character represented by universal-character-name '\u0E48' cannot be represented in the current code page (1252)
D:\C_Sharp_Project\SpVision\CppWriteLog\CppWriteLog\CppWriteLog.cpp(58,22): warning C4566: character represented by universal-character-name '\u0E21' cannot be represented in the current code page (1252)
D:\C_Sharp_Project\SpVision\CppWriteLog\CppWriteLog\CppWriteLog.cpp(58,22): warning C4566: character represented by universal-character-name '\u0E02' cannot be represented in the current code page (1252)
D:\C_Sharp_Project\SpVision\CppWriteLog\CppWriteLog\CppWriteLog.cpp(58,22): warning C4566: character represented by universal-character-name '\u0E49' cannot be represented in the current code page (1252)
D:\C_Sharp_Project\SpVision\CppWriteLog\CppWriteLog\CppWriteLog.cpp(58,22): warning C4566: character represented by universal-character-name '\u0E2D' cannot be represented in the current code page (1252)
D:\C_Sharp_Project\SpVision\CppWriteLog\CppWriteLog\CppWriteLog.cpp(58,22): warning C4566: character represented by universal-character-name '\u0E39' cannot be represented in the current code page (1252)
D:\C_Sharp_Project\SpVision\CppWriteLog\CppWriteLog\CppWriteLog.cpp(58,22): warning C4566: character represented by universal-character-name '\u0E25' cannot be represented in the current code page (1252)
D:\C_Sharp_Project\SpVision\CppWriteLog\CppWriteLog\CppWriteLog.cpp(58,22): warning C4566: character represented by universal-character-name '\u0E07' cannot be represented in the current code page (1252)
D:\C_Sharp_Project\SpVision\CppWriteLog\CppWriteLog\CppWriteLog.cpp(58,22): warning C4566: character represented by universal-character-name '\u0E44' cannot be represented in the current code page (1252)
D:\C_Sharp_Project\SpVision\CppWriteLog\CppWriteLog\CppWriteLog.cpp(58,22): warning C4566: character represented by universal-character-name '\u0E1F' cannot be represented in the current code page (1252)
D:\C_Sharp_Project\SpVision\CppWriteLog\CppWriteLog\CppWriteLog.cpp(58,22): warning C4566: character represented by universal-character-name '\u0E4C' cannot be represented in the current code page (1252)
D:\C_Sharp_Project\SpVision\CppWriteLog\CppWriteLog\CppWriteLog.cpp(58,92): warning C4566: character represented by universal-character-name '\u0E40' cannot be represented in the current code page (1252)
D:\C_Sharp_Project\SpVision\CppWriteLog\CppWriteLog\CppWriteLog.cpp(58,92): warning C4566: character represented by universal-character-name '\u0E23' cannot be represented in the current code page (1252)
D:\C_Sharp_Project\SpVision\CppWriteLog\CppWriteLog\CppWriteLog.cpp(58,92): warning C4566: character represented by universal-character-name '\u0E35' cannot be represented in the current code page (1252)
D:\C_Sharp_Project\SpVision\CppWriteLog\CppWriteLog\CppWriteLog.cpp(58,92): warning C4566: character represented by universal-character-name '\u0E22' cannot be represented in the current code page (1252)
D:\C_Sharp_Project\SpVision\CppWriteLog\CppWriteLog\CppWriteLog.cpp(58,92): warning C4566: character represented by universal-character-name '\u0E1A' cannot be represented in the current code page (1252)
D:\C_Sharp_Project\SpVision\CppWriteLog\CppWriteLog\CppWriteLog.cpp(58,92): warning C4566: character represented by universal-character-name '\u0E49' cannot be represented in the current code page (1252)
D:\C_Sharp_Project\SpVision\CppWriteLog\CppWriteLog\CppWriteLog.cpp(58,92): warning C4566: character represented by universal-character-name '\u0E2D' cannot be represented in the current code page (1252)
D:\C_Sharp_Project\SpVision\CppWriteLog\CppWriteLog\CppWriteLog.cpp(61,22): warning C4566: character represented by universal-character-name '\u0E44' cannot be represented in the current code page (1252)
D:\C_Sharp_Project\SpVision\CppWriteLog\CppWriteLog\CppWriteLog.cpp(61,22): warning C4566: character represented by universal-character-name '\u0E21' cannot be represented in the current code page (1252)
D:\C_Sharp_Project\SpVision\CppWriteLog\CppWriteLog\CppWriteLog.cpp(61,22): warning C4566: character represented by universal-character-name '\u0E48' cannot be represented in the current code page (1252)
D:\C_Sharp_Project\SpVision\CppWriteLog\CppWriteLog\CppWriteLog.cpp(61,22): warning C4566: character represented by universal-character-name '\u0E2A' cannot be represented in the current code page (1252)
D:\C_Sharp_Project\SpVision\CppWriteLog\CppWriteLog\CppWriteLog.cpp(61,22): warning C4566: character represented by universal-character-name '\u0E32' cannot be represented in the current code page (1252)
D:\C_Sharp_Project\SpVision\CppWriteLog\CppWriteLog\CppWriteLog.cpp(61,22): warning C4566: character represented by universal-character-name '\u0E23' cannot be represented in the current code page (1252)
D:\C_Sharp_Project\SpVision\CppWriteLog\CppWriteLog\CppWriteLog.cpp(61,22): warning C4566: character represented by universal-character-name '\u0E16' cannot be represented in the current code page (1252)
D:\C_Sharp_Project\SpVision\CppWriteLog\CppWriteLog\CppWriteLog.cpp(61,22): warning C4566: character represented by universal-character-name '\u0E40' cannot be represented in the current code page (1252)
D:\C_Sharp_Project\SpVision\CppWriteLog\CppWriteLog\CppWriteLog.cpp(61,22): warning C4566: character represented by universal-character-name '\u0E1B' cannot be represented in the current code page (1252)
D:\C_Sharp_Project\SpVision\CppWriteLog\CppWriteLog\CppWriteLog.cpp(61,22): warning C4566: character represented by universal-character-name '\u0E34' cannot be represented in the current code page (1252)
D:\C_Sharp_Project\SpVision\CppWriteLog\CppWriteLog\CppWriteLog.cpp(61,22): warning C4566: character represented by universal-character-name '\u0E14' cannot be represented in the current code page (1252)
D:\C_Sharp_Project\SpVision\CppWriteLog\CppWriteLog\CppWriteLog.cpp(61,22): warning C4566: character represented by universal-character-name '\u0E1F' cannot be represented in the current code page (1252)
D:\C_Sharp_Project\SpVision\CppWriteLog\CppWriteLog\CppWriteLog.cpp(61,22): warning C4566: character represented by universal-character-name '\u0E25' cannot be represented in the current code page (1252)
D:\C_Sharp_Project\SpVision\CppWriteLog\CppWriteLog\CppWriteLog.cpp(61,22): warning C4566: character represented by universal-character-name '\u0E4C' cannot be represented in the current code page (1252)
D:\C_Sharp_Project\SpVision\CppWriteLog\CppWriteLog\CppWriteLog.cpp(61,22): warning C4566: character represented by universal-character-name '\u0E49' cannot be represented in the current code page (1252)
D:\C_Sharp_Project\SpVision\CppWriteLog\CppWriteLog\CppWriteLog.cpp(99,22): warning C4566: character represented by universal-character-name '\u0E40' cannot be represented in the current code page (1252)
D:\C_Sharp_Project\SpVision\CppWriteLog\CppWriteLog\CppWriteLog.cpp(99,22): warning C4566: character represented by universal-character-name '\u0E23' cannot be represented in the current code page (1252)
D:\C_Sharp_Project\SpVision\CppWriteLog\CppWriteLog\CppWriteLog.cpp(99,22): warning C4566: character represented by universal-character-name '\u0E34' cannot be represented in the current code page (1252)
D:\C_Sharp_Project\SpVision\CppWriteLog\CppWriteLog\CppWriteLog.cpp(99,22): warning C4566: character represented by universal-character-name '\u0E48' cannot be represented in the current code page (1252)
D:\C_Sharp_Project\SpVision\CppWriteLog\CppWriteLog\CppWriteLog.cpp(99,22): warning C4566: character represented by universal-character-name '\u0E21' cannot be represented in the current code page (1252)
D:\C_Sharp_Project\SpVision\CppWriteLog\CppWriteLog\CppWriteLog.cpp(99,22): warning C4566: character represented by universal-character-name '\u0E15' cannot be represented in the current code page (1252)
D:\C_Sharp_Project\SpVision\CppWriteLog\CppWriteLog\CppWriteLog.cpp(99,22): warning C4566: character represented by universal-character-name '\u0E49' cannot be represented in the current code page (1252)
D:\C_Sharp_Project\SpVision\CppWriteLog\CppWriteLog\CppWriteLog.cpp(99,22): warning C4566: character represented by universal-character-name '\u0E19' cannot be represented in the current code page (1252)
D:\C_Sharp_Project\SpVision\CppWriteLog\CppWriteLog\CppWriteLog.cpp(99,22): warning C4566: character represented by universal-character-name '\u0E42' cannot be represented in the current code page (1252)
D:\C_Sharp_Project\SpVision\CppWriteLog\CppWriteLog\CppWriteLog.cpp(99,22): warning C4566: character represented by universal-character-name '\u0E1B' cannot be represented in the current code page (1252)
D:\C_Sharp_Project\SpVision\CppWriteLog\CppWriteLog\CppWriteLog.cpp(99,22): warning C4566: character represented by universal-character-name '\u0E41' cannot be represented in the current code page (1252)
D:\C_Sharp_Project\SpVision\CppWriteLog\CppWriteLog\CppWriteLog.cpp(99,22): warning C4566: character represented by universal-character-name '\u0E01' cannot be represented in the current code page (1252)
  LogCSV.cpp
D:\C_Sharp_Project\SpVision\CppWriteLog\CppWriteLog\LogCSV.cpp(27,22): warning C4566: character represented by universal-character-name '\u0E44' cannot be represented in the current code page (1252)
D:\C_Sharp_Project\SpVision\CppWriteLog\CppWriteLog\LogCSV.cpp(27,22): warning C4566: character represented by universal-character-name '\u0E21' cannot be represented in the current code page (1252)
D:\C_Sharp_Project\SpVision\CppWriteLog\CppWriteLog\LogCSV.cpp(27,22): warning C4566: character represented by universal-character-name '\u0E48' cannot be represented in the current code page (1252)
D:\C_Sharp_Project\SpVision\CppWriteLog\CppWriteLog\LogCSV.cpp(27,22): warning C4566: character represented by universal-character-name '\u0E2A' cannot be represented in the current code page (1252)
D:\C_Sharp_Project\SpVision\CppWriteLog\CppWriteLog\LogCSV.cpp(27,22): warning C4566: character represented by universal-character-name '\u0E32' cannot be represented in the current code page (1252)
D:\C_Sharp_Project\SpVision\CppWriteLog\CppWriteLog\LogCSV.cpp(27,22): warning C4566: character represented by universal-character-name '\u0E23' cannot be represented in the current code page (1252)
D:\C_Sharp_Project\SpVision\CppWriteLog\CppWriteLog\LogCSV.cpp(27,22): warning C4566: character represented by universal-character-name '\u0E16' cannot be represented in the current code page (1252)
D:\C_Sharp_Project\SpVision\CppWriteLog\CppWriteLog\LogCSV.cpp(27,22): warning C4566: character represented by universal-character-name '\u0E40' cannot be represented in the current code page (1252)
D:\C_Sharp_Project\SpVision\CppWriteLog\CppWriteLog\LogCSV.cpp(27,22): warning C4566: character represented by universal-character-name '\u0E1B' cannot be represented in the current code page (1252)
D:\C_Sharp_Project\SpVision\CppWriteLog\CppWriteLog\LogCSV.cpp(27,22): warning C4566: character represented by universal-character-name '\u0E34' cannot be represented in the current code page (1252)
D:\C_Sharp_Project\SpVision\CppWriteLog\CppWriteLog\LogCSV.cpp(27,22): warning C4566: character represented by universal-character-name '\u0E14' cannot be represented in the current code page (1252)
D:\C_Sharp_Project\SpVision\CppWriteLog\CppWriteLog\LogCSV.cpp(27,22): warning C4566: character represented by universal-character-name '\u0E1F' cannot be represented in the current code page (1252)
D:\C_Sharp_Project\SpVision\CppWriteLog\CppWriteLog\LogCSV.cpp(27,22): warning C4566: character represented by universal-character-name '\u0E25' cannot be represented in the current code page (1252)
D:\C_Sharp_Project\SpVision\CppWriteLog\CppWriteLog\LogCSV.cpp(27,22): warning C4566: character represented by universal-character-name '\u0E4C' cannot be represented in the current code page (1252)
D:\C_Sharp_Project\SpVision\CppWriteLog\CppWriteLog\LogCSV.cpp(27,22): warning C4566: character represented by universal-character-name '\u0E49' cannot be represented in the current code page (1252)
D:\C_Sharp_Project\SpVision\CppWriteLog\CppWriteLog\LogCSV.cpp(40,22): warning C4566: character represented by universal-character-name '\u0E1A' cannot be represented in the current code page (1252)
D:\C_Sharp_Project\SpVision\CppWriteLog\CppWriteLog\LogCSV.cpp(40,22): warning C4566: character represented by universal-character-name '\u0E31' cannot be represented in the current code page (1252)
D:\C_Sharp_Project\SpVision\CppWriteLog\CppWriteLog\LogCSV.cpp(40,22): warning C4566: character represented by universal-character-name '\u0E19' cannot be represented in the current code page (1252)
D:\C_Sharp_Project\SpVision\CppWriteLog\CppWriteLog\LogCSV.cpp(40,22): warning C4566: character represented by universal-character-name '\u0E17' cannot be represented in the current code page (1252)
D:\C_Sharp_Project\SpVision\CppWriteLog\CppWriteLog\LogCSV.cpp(40,22): warning C4566: character represented by universal-character-name '\u0E36' cannot be represented in the current code page (1252)
D:\C_Sharp_Project\SpVision\CppWriteLog\CppWriteLog\LogCSV.cpp(40,22): warning C4566: character represented by universal-character-name '\u0E01' cannot be represented in the current code page (1252)
D:\C_Sharp_Project\SpVision\CppWriteLog\CppWriteLog\LogCSV.cpp(40,22): warning C4566: character represented by universal-character-name '\u0E02' cannot be represented in the current code page (1252)
D:\C_Sharp_Project\SpVision\CppWriteLog\CppWriteLog\LogCSV.cpp(40,22): warning C4566: character represented by universal-character-name '\u0E49' cannot be represented in the current code page (1252)
D:\C_Sharp_Project\SpVision\CppWriteLog\CppWriteLog\LogCSV.cpp(40,22): warning C4566: character represented by universal-character-name '\u0E2D' cannot be represented in the current code page (1252)
D:\C_Sharp_Project\SpVision\CppWriteLog\CppWriteLog\LogCSV.cpp(40,22): warning C4566: character represented by universal-character-name '\u0E21' cannot be represented in the current code page (1252)
D:\C_Sharp_Project\SpVision\CppWriteLog\CppWriteLog\LogCSV.cpp(40,22): warning C4566: character represented by universal-character-name '\u0E39' cannot be represented in the current code page (1252)
D:\C_Sharp_Project\SpVision\CppWriteLog\CppWriteLog\LogCSV.cpp(40,22): warning C4566: character represented by universal-character-name '\u0E25' cannot be represented in the current code page (1252)
D:\C_Sharp_Project\SpVision\CppWriteLog\CppWriteLog\LogCSV.cpp(40,22): warning C4566: character represented by universal-character-name '\u0E07' cannot be represented in the current code page (1252)
D:\C_Sharp_Project\SpVision\CppWriteLog\CppWriteLog\LogCSV.cpp(40,22): warning C4566: character represented by universal-character-name '\u0E44' cannot be represented in the current code page (1252)
D:\C_Sharp_Project\SpVision\CppWriteLog\CppWriteLog\LogCSV.cpp(40,22): warning C4566: character represented by universal-character-name '\u0E1F' cannot be represented in the current code page (1252)
D:\C_Sharp_Project\SpVision\CppWriteLog\CppWriteLog\LogCSV.cpp(40,22): warning C4566: character represented by universal-character-name '\u0E4C' cannot be represented in the current code page (1252)
D:\C_Sharp_Project\SpVision\CppWriteLog\CppWriteLog\LogCSV.cpp(40,95): warning C4566: character represented by universal-character-name '\u0E40' cannot be represented in the current code page (1252)
D:\C_Sharp_Project\SpVision\CppWriteLog\CppWriteLog\LogCSV.cpp(40,95): warning C4566: character represented by universal-character-name '\u0E23' cannot be represented in the current code page (1252)
D:\C_Sharp_Project\SpVision\CppWriteLog\CppWriteLog\LogCSV.cpp(40,95): warning C4566: character represented by universal-character-name '\u0E35' cannot be represented in the current code page (1252)
D:\C_Sharp_Project\SpVision\CppWriteLog\CppWriteLog\LogCSV.cpp(40,95): warning C4566: character represented by universal-character-name '\u0E22' cannot be represented in the current code page (1252)
D:\C_Sharp_Project\SpVision\CppWriteLog\CppWriteLog\LogCSV.cpp(40,95): warning C4566: character represented by universal-character-name '\u0E1A' cannot be represented in the current code page (1252)
D:\C_Sharp_Project\SpVision\CppWriteLog\CppWriteLog\LogCSV.cpp(40,95): warning C4566: character represented by universal-character-name '\u0E49' cannot be represented in the current code page (1252)
D:\C_Sharp_Project\SpVision\CppWriteLog\CppWriteLog\LogCSV.cpp(40,95): warning C4566: character represented by universal-character-name '\u0E2D' cannot be represented in the current code page (1252)
D:\C_Sharp_Project\SpVision\CppWriteLog\CppWriteLog\LogCSV.cpp(43,22): warning C4566: character represented by universal-character-name '\u0E44' cannot be represented in the current code page (1252)
D:\C_Sharp_Project\SpVision\CppWriteLog\CppWriteLog\LogCSV.cpp(43,22): warning C4566: character represented by universal-character-name '\u0E21' cannot be represented in the current code page (1252)
D:\C_Sharp_Project\SpVision\CppWriteLog\CppWriteLog\LogCSV.cpp(43,22): warning C4566: character represented by universal-character-name '\u0E48' cannot be represented in the current code page (1252)
D:\C_Sharp_Project\SpVision\CppWriteLog\CppWriteLog\LogCSV.cpp(43,22): warning C4566: character represented by universal-character-name '\u0E2A' cannot be represented in the current code page (1252)
D:\C_Sharp_Project\SpVision\CppWriteLog\CppWriteLog\LogCSV.cpp(43,22): warning C4566: character represented by universal-character-name '\u0E32' cannot be represented in the current code page (1252)
D:\C_Sharp_Project\SpVision\CppWriteLog\CppWriteLog\LogCSV.cpp(43,22): warning C4566: character represented by universal-character-name '\u0E23' cannot be represented in the current code page (1252)
D:\C_Sharp_Project\SpVision\CppWriteLog\CppWriteLog\LogCSV.cpp(43,22): warning C4566: character represented by universal-character-name '\u0E16' cannot be represented in the current code page (1252)
D:\C_Sharp_Project\SpVision\CppWriteLog\CppWriteLog\LogCSV.cpp(43,22): warning C4566: character represented by universal-character-name '\u0E40' cannot be represented in the current code page (1252)
D:\C_Sharp_Project\SpVision\CppWriteLog\CppWriteLog\LogCSV.cpp(43,22): warning C4566: character represented by universal-character-name '\u0E1B' cannot be represented in the current code page (1252)
D:\C_Sharp_Project\SpVision\CppWriteLog\CppWriteLog\LogCSV.cpp(43,22): warning C4566: character represented by universal-character-name '\u0E34' cannot be represented in the current code page (1252)
D:\C_Sharp_Project\SpVision\CppWriteLog\CppWriteLog\LogCSV.cpp(43,22): warning C4566: character represented by universal-character-name '\u0E14' cannot be represented in the current code page (1252)
D:\C_Sharp_Project\SpVision\CppWriteLog\CppWriteLog\LogCSV.cpp(43,22): warning C4566: character represented by universal-character-name '\u0E1F' cannot be represented in the current code page (1252)
D:\C_Sharp_Project\SpVision\CppWriteLog\CppWriteLog\LogCSV.cpp(43,22): warning C4566: character represented by universal-character-name '\u0E25' cannot be represented in the current code page (1252)
D:\C_Sharp_Project\SpVision\CppWriteLog\CppWriteLog\LogCSV.cpp(43,22): warning C4566: character represented by universal-character-name '\u0E4C' cannot be represented in the current code page (1252)
D:\C_Sharp_Project\SpVision\CppWriteLog\CppWriteLog\LogCSV.cpp(43,22): warning C4566: character represented by universal-character-name '\u0E49' cannot be represented in the current code page (1252)
D:\C_Sharp_Project\SpVision\CppWriteLog\CppWriteLog\LogCSV.cpp(53,22): warning C4566: character represented by universal-character-name '\u0E40' cannot be represented in the current code page (1252)
D:\C_Sharp_Project\SpVision\CppWriteLog\CppWriteLog\LogCSV.cpp(53,22): warning C4566: character represented by universal-character-name '\u0E1E' cannot be represented in the current code page (1252)
D:\C_Sharp_Project\SpVision\CppWriteLog\CppWriteLog\LogCSV.cpp(53,22): warning C4566: character represented by universal-character-name '\u0E34' cannot be represented in the current code page (1252)
D:\C_Sharp_Project\SpVision\CppWriteLog\CppWriteLog\LogCSV.cpp(53,22): warning C4566: character represented by universal-character-name '\u0E48' cannot be represented in the current code page (1252)
D:\C_Sharp_Project\SpVision\CppWriteLog\CppWriteLog\LogCSV.cpp(53,22): warning C4566: character represented by universal-character-name '\u0E21' cannot be represented in the current code page (1252)
D:\C_Sharp_Project\SpVision\CppWriteLog\CppWriteLog\LogCSV.cpp(53,22): warning C4566: character represented by universal-character-name '\u0E02' cannot be represented in the current code page (1252)
D:\C_Sharp_Project\SpVision\CppWriteLog\CppWriteLog\LogCSV.cpp(53,22): warning C4566: character represented by universal-character-name '\u0E49' cannot be represented in the current code page (1252)
D:\C_Sharp_Project\SpVision\CppWriteLog\CppWriteLog\LogCSV.cpp(53,22): warning C4566: character represented by universal-character-name '\u0E2D' cannot be represented in the current code page (1252)
D:\C_Sharp_Project\SpVision\CppWriteLog\CppWriteLog\LogCSV.cpp(53,22): warning C4566: character represented by universal-character-name '\u0E39' cannot be represented in the current code page (1252)
D:\C_Sharp_Project\SpVision\CppWriteLog\CppWriteLog\LogCSV.cpp(53,22): warning C4566: character represented by universal-character-name '\u0E25' cannot be represented in the current code page (1252)
D:\C_Sharp_Project\SpVision\CppWriteLog\CppWriteLog\LogCSV.cpp(53,22): warning C4566: character represented by universal-character-name '\u0E07' cannot be represented in the current code page (1252)
D:\C_Sharp_Project\SpVision\CppWriteLog\CppWriteLog\LogCSV.cpp(53,22): warning C4566: character represented by universal-character-name '\u0E44' cannot be represented in the current code page (1252)
D:\C_Sharp_Project\SpVision\CppWriteLog\CppWriteLog\LogCSV.cpp(53,22): warning C4566: character represented by universal-character-name '\u0E1F' cannot be represented in the current code page (1252)
D:\C_Sharp_Project\SpVision\CppWriteLog\CppWriteLog\LogCSV.cpp(53,22): warning C4566: character represented by universal-character-name '\u0E4C' cannot be represented in the current code page (1252)
D:\C_Sharp_Project\SpVision\CppWriteLog\CppWriteLog\LogCSV.cpp(53,92): warning C4566: character represented by universal-character-name '\u0E40' cannot be represented in the current code page (1252)
D:\C_Sharp_Project\SpVision\CppWriteLog\CppWriteLog\LogCSV.cpp(53,92): warning C4566: character represented by universal-character-name '\u0E23' cannot be represented in the current code page (1252)
D:\C_Sharp_Project\SpVision\CppWriteLog\CppWriteLog\LogCSV.cpp(53,92): warning C4566: character represented by universal-character-name '\u0E35' cannot be represented in the current code page (1252)
D:\C_Sharp_Project\SpVision\CppWriteLog\CppWriteLog\LogCSV.cpp(53,92): warning C4566: character represented by universal-character-name '\u0E22' cannot be represented in the current code page (1252)
D:\C_Sharp_Project\SpVision\CppWriteLog\CppWriteLog\LogCSV.cpp(53,92): warning C4566: character represented by universal-character-name '\u0E1A' cannot be represented in the current code page (1252)
D:\C_Sharp_Project\SpVision\CppWriteLog\CppWriteLog\LogCSV.cpp(53,92): warning C4566: character represented by universal-character-name '\u0E49' cannot be represented in the current code page (1252)
D:\C_Sharp_Project\SpVision\CppWriteLog\CppWriteLog\LogCSV.cpp(53,92): warning C4566: character represented by universal-character-name '\u0E2D' cannot be represented in the current code page (1252)
D:\C_Sharp_Project\SpVision\CppWriteLog\CppWriteLog\LogCSV.cpp(56,22): warning C4566: character represented by universal-character-name '\u0E44' cannot be represented in the current code page (1252)
D:\C_Sharp_Project\SpVision\CppWriteLog\CppWriteLog\LogCSV.cpp(56,22): warning C4566: character represented by universal-character-name '\u0E21' cannot be represented in the current code page (1252)
D:\C_Sharp_Project\SpVision\CppWriteLog\CppWriteLog\LogCSV.cpp(56,22): warning C4566: character represented by universal-character-name '\u0E48' cannot be represented in the current code page (1252)
D:\C_Sharp_Project\SpVision\CppWriteLog\CppWriteLog\LogCSV.cpp(56,22): warning C4566: character represented by universal-character-name '\u0E2A' cannot be represented in the current code page (1252)
D:\C_Sharp_Project\SpVision\CppWriteLog\CppWriteLog\LogCSV.cpp(56,22): warning C4566: character represented by universal-character-name '\u0E32' cannot be represented in the current code page (1252)
D:\C_Sharp_Project\SpVision\CppWriteLog\CppWriteLog\LogCSV.cpp(56,22): warning C4566: character represented by universal-character-name '\u0E23' cannot be represented in the current code page (1252)
D:\C_Sharp_Project\SpVision\CppWriteLog\CppWriteLog\LogCSV.cpp(56,22): warning C4566: character represented by universal-character-name '\u0E16' cannot be represented in the current code page (1252)
D:\C_Sharp_Project\SpVision\CppWriteLog\CppWriteLog\LogCSV.cpp(56,22): warning C4566: character represented by universal-character-name '\u0E40' cannot be represented in the current code page (1252)
D:\C_Sharp_Project\SpVision\CppWriteLog\CppWriteLog\LogCSV.cpp(56,22): warning C4566: character represented by universal-character-name '\u0E1B' cannot be represented in the current code page (1252)
D:\C_Sharp_Project\SpVision\CppWriteLog\CppWriteLog\LogCSV.cpp(56,22): warning C4566: character represented by universal-character-name '\u0E34' cannot be represented in the current code page (1252)
D:\C_Sharp_Project\SpVision\CppWriteLog\CppWriteLog\LogCSV.cpp(56,22): warning C4566: character represented by universal-character-name '\u0E14' cannot be represented in the current code page (1252)
D:\C_Sharp_Project\SpVision\CppWriteLog\CppWriteLog\LogCSV.cpp(56,22): warning C4566: character represented by universal-character-name '\u0E1F' cannot be represented in the current code page (1252)
D:\C_Sharp_Project\SpVision\CppWriteLog\CppWriteLog\LogCSV.cpp(56,22): warning C4566: character represented by universal-character-name '\u0E25' cannot be represented in the current code page (1252)
D:\C_Sharp_Project\SpVision\CppWriteLog\CppWriteLog\LogCSV.cpp(56,22): warning C4566: character represented by universal-character-name '\u0E4C' cannot be represented in the current code page (1252)
D:\C_Sharp_Project\SpVision\CppWriteLog\CppWriteLog\LogCSV.cpp(56,22): warning C4566: character represented by universal-character-name '\u0E49' cannot be represented in the current code page (1252)
  Generating Code...
  CppWriteLog.vcxproj -> D:\C_Sharp_Project\SpVision\CppWriteLog\x64\Debug\CppWriteLog.exe
